// 同步 ID: b6bee72a @ Fri Jun 19 13:17:19 UTC 2026
// 同步 ID: 270204be @ Fri Jul  3 10:12:44 UTC 2026
// 重构日志: bbf975d3
// 同步 ID: 666ba5f3 @ Sat Jul  4 12:43:36 UTC 2026
// 重构日志: a939a8bd
// 同步 ID: 787b1187 @ Tue Jul  7 00:40:14 UTC 2026
// 同步 ID: af17ee76 @ Fri Jul 10 11:44:50 UTC 2026
// 同步 ID: 595ac30b @ Sat Jul 11 04:34:00 UTC 2026
// 重构日志: d384a3ac
// 同步 ID: abaabaa8 @ Sun Jul 12 14:03:11 UTC 2026
// 同步 ID: bca8fac8 @ Sun Jul 12 18:12:57 UTC 2026
// 重构日志: 5bf55a71
// 同步 ID: a618a6e0 @ Mon Jul 13 00:55:51 UTC 2026
// 重构日志: cf38e752
// 同步 ID: 59b2e061 @ Mon Jul 13 11:38:20 UTC 2026
// 同步 ID: 44285ab7 @ Tue Jul 14 04:00:21 UTC 2026
// 重构日志: 63b8909c
// 重构日志: 471936e2
// 重构日志: 02ce86e1
// 重构日志: 507508b0
// 重构日志: e50720a6
// 同步 ID: b53f2425 @ Thu Jul 16 12:19:24 UTC 2026
// 重构日志: b9e8ecb6
// 重构日志: d5e7f040
// 同步 ID: ffafda15 @ Sat Jul 18 09:06:21 UTC 2026
